<?xml version="1.0" encoding="UTF-8"?>
<!-- Generated by org.testng.reporters.JUnitReportReporter -->
<testsuite hostname="mmtadmin-HP-ProBook-430-G3" failures="0" tests="1" name="com.indeed.executionmanager.IndeedExecutionManager" time="37.712" errors="0" timestamp="10 Nov 2017 13:41:46 GMT">
  <testcase classname="com.indeed.executionmanager.IndeedExecutionManager" name="startIndeedQATask" time="37.712"/>
</testsuite> <!-- com.indeed.executionmanager.IndeedExecutionManager -->
